EDA Netlist Writer report for Processor
Tue Apr 16 23:18:44 2019
Quartus Prime Version 16.1.0 Build 196 10/24/2016 SJ Lite Edition


---------------------
; Table of Contents ;
---------------------
  1. Legal Notice
  2. EDA Netlist Writer Summary
  3. Simulation Settings
  4. Simulation Generated Files
  5. EDA Netlist Writer Messages



----------------
; Legal Notice ;
----------------
Copyright (C) 2016  Intel Corporation. All rights reserved.
Your use of Intel Corporation's design tools, logic functions 
and other software and tools, and its AMPP partner logic 
functions, and any output files from any of the foregoing 
(including device programming or simulation files), and any 
associated documentation or information are expressly subject 
to the terms and conditions of the Intel Program License 
Subscription Agreement, the Intel Quartus Prime License Agreement,
the Intel MegaCore Function License Agreement, or other 
applicable license agreement, including, without limitation, 
that your use is for the sole purpose of programming logic 
devices manufactured by Intel and sold by Intel or its 
authorized distributors.  Please refer to the applicable 
agreement for further details.



+-------------------------------------------------------------------+
; EDA Netlist Writer Summary                                        ;
+---------------------------+---------------------------------------+
; EDA Netlist Writer Status ; Successful - Tue Apr 16 23:18:44 2019 ;
; Revision Name             ; Processor                             ;
; Top-level Entity Name     ; ALU                                   ;
; Family                    ; Cyclone IV E                          ;
; Simulation Files Creation ; Successful                            ;
+---------------------------+---------------------------------------+


+-------------------------------------------------------------------------------------------------------------------------------+
; Simulation Settings                                                                                                           ;
+---------------------------------------------------------------------------------------------------+---------------------------+
; Option                                                                                            ; Setting                   ;
+---------------------------------------------------------------------------------------------------+---------------------------+
; Tool Name                                                                                         ; ModelSim-Altera (Verilog) ;
; Generate functional simulation netlist                                                            ; Off                       ;
; Time scale                                                                                        ; 1 ps                      ;
; Truncate long hierarchy paths                                                                     ; Off                       ;
; Map illegal HDL characters                                                                        ; Off                       ;
; Flatten buses into individual nodes                                                               ; Off                       ;
; Maintain hierarchy                                                                                ; Off                       ;
; Bring out device-wide set/reset signals as ports                                                  ; Off                       ;
; Enable glitch filtering                                                                           ; Off                       ;
; Do not write top level VHDL entity                                                                ; Off                       ;
; Disable detection of setup and hold time violations in the input registers of bi-directional pins ; Off                       ;
; Architecture name in VHDL output netlist                                                          ; structure                 ;
; Generate third-party EDA tool command script for RTL functional simulation                        ; Off                       ;
; Generate third-party EDA tool command script for gate-level simulation                            ; Off                       ;
+---------------------------------------------------------------------------------------------------+---------------------------+


+--------------------------------------------------------------------------+
; Simulation Generated Files                                               ;
+--------------------------------------------------------------------------+
; Generated Files                                                          ;
+--------------------------------------------------------------------------+
; M:/ECE 289/Processor/simulation/qsim//Processor_7_1200mv_85c_slow.vo     ;
; M:/ECE 289/Processor/simulation/qsim//Processor_7_1200mv_0c_slow.vo      ;
; M:/ECE 289/Processor/simulation/qsim//Processor_min_1200mv_0c_fast.vo    ;
; M:/ECE 289/Processor/simulation/qsim//Processor.vo                       ;
; M:/ECE 289/Processor/simulation/qsim//Processor_7_1200mv_85c_v_slow.sdo  ;
; M:/ECE 289/Processor/simulation/qsim//Processor_7_1200mv_0c_v_slow.sdo   ;
; M:/ECE 289/Processor/simulation/qsim//Processor_min_1200mv_0c_v_fast.sdo ;
; M:/ECE 289/Processor/simulation/qsim//Processor_v.sdo                    ;
+--------------------------------------------------------------------------+


+-----------------------------+
; EDA Netlist Writer Messages ;
+-----------------------------+
Info: *******************************************************************
Info: Running Quartus Prime EDA Netlist Writer
    Info: Version 16.1.0 Build 196 10/24/2016 SJ Lite Edition
    Info: Copyright (C) 2016  Intel Corporation. All rights reserved.
    Info: Your use of Intel Corporation's design tools, logic functions 
    Info: and other software and tools, and its AMPP partner logic 
    Info: functions, and any output files from any of the foregoing 
    Info: (including device programming or simulation files), and any 
    Info: associated documentation or information are expressly subject 
    Info: to the terms and conditions of the Intel Program License 
    Info: Subscription Agreement, the Intel Quartus Prime License Agreement,
    Info: the Intel MegaCore Function License Agreement, or other 
    Info: applicable license agreement, including, without limitation, 
    Info: that your use is for the sole purpose of programming logic 
    Info: devices manufactured by Intel and sold by Intel or its 
    Info: authorized distributors.  Please refer to the applicable 
    Info: agreement for further details.
    Info: Processing started: Tue Apr 16 23:18:42 2019
Info: Command: quartus_eda --write_settings_files=off --simulation=on --functional=off --flatten_buses=off --timescale=1ps --tool=modelsim_oem --format=verilog --output_directory="M:/ECE 289/Processor/simulation/qsim/" Processor -c Processor
Warning (18236): Number of processors has not been specified which may cause overloading on shared machines.  Set the global assignment NUM_PARALLEL_PROCESSORS in your QSF to an appropriate value for best performance.
Info (204019): Generated file Processor_7_1200mv_85c_slow.vo in folder "M:/ECE 289/Processor/simulation/qsim//" for EDA simulation tool
Info (204019): Generated file Processor_7_1200mv_0c_slow.vo in folder "M:/ECE 289/Processor/simulation/qsim//" for EDA simulation tool
Info (204019): Generated file Processor_min_1200mv_0c_fast.vo in folder "M:/ECE 289/Processor/simulation/qsim//" for EDA simulation tool
Info (204019): Generated file Processor.vo in folder "M:/ECE 289/Processor/simulation/qsim//" for EDA simulation tool
Info (204019): Generated file Processor_7_1200mv_85c_v_slow.sdo in folder "M:/ECE 289/Processor/simulation/qsim//" for EDA simulation tool
Info (204019): Generated file Processor_7_1200mv_0c_v_slow.sdo in folder "M:/ECE 289/Processor/simulation/qsim//" for EDA simulation tool
Info (204019): Generated file Processor_min_1200mv_0c_v_fast.sdo in folder "M:/ECE 289/Processor/simulation/qsim//" for EDA simulation tool
Info (204019): Generated file Processor_v.sdo in folder "M:/ECE 289/Processor/simulation/qsim//" for EDA simulation tool
Info: Quartus Prime EDA Netlist Writer was successful. 0 errors, 1 warning
    Info: Peak virtual memory: 4681 megabytes
    Info: Processing ended: Tue Apr 16 23:18:45 2019
    Info: Elapsed time: 00:00:03
    Info: Total CPU time (on all processors): 00:00:01


