MIF/HEX Update report for Processor
Wed Apr 17 01:24:57 2019
Quartus Prime Version 16.1.0 Build 196 10/24/2016 SJ Lite Edition


---------------------
; Table of Contents ;
---------------------
  1. Legal Notice
  2. MIF/HEX Update Summary
  3. MIF/HEX Update Processed Files
  4. MIF/HEX Update Messages



----------------
; Legal Notice ;
----------------
Copyright (C) 2016  Intel Corporation. All rights reserved.
Your use of Intel Corporation's design tools, logic functions 
and other software and tools, and its AMPP partner logic 
functions, and any output files from any of the foregoing 
(including device programming or simulation files), and any 
associated documentation or information are expressly subject 
to the terms and conditions of the Intel Program License 
Subscription Agreement, the Intel Quartus Prime License Agreement,
the Intel MegaCore Function License Agreement, or other 
applicable license agreement, including, without limitation, 
that your use is for the sole purpose of programming logic 
devices manufactured by Intel and sold by Intel or its 
authorized distributors.  Please refer to the applicable 
agreement for further details.



+---------------------------------------------------------------+
; MIF/HEX Update Summary                                        ;
+-----------------------+---------------------------------------+
; MIF/HEX Update Status ; Successful - Wed Apr 17 01:24:57 2019 ;
; Revision Name         ; Processor                             ;
; Top-level Entity Name ; Processor                             ;
; Family                ; Cyclone IV E                          ;
; Device                ; EP4CE115F29C7                         ;
+-----------------------+---------------------------------------+


+----------------------------------------+
; MIF/HEX Update Processed Files         ;
+----------------------------------------+
; File Name                              ;
+----------------------------------------+
; M:/ECE 289/Processor/MemoryModule0.mif ;
; M:/ECE 289/Processor/MemoryModule1.mif ;
; M:/ECE 289/Processor/MemoryModule2.mif ;
; M:/ECE 289/Processor/MemoryModule3.mif ;
+----------------------------------------+


+-------------------------+
; MIF/HEX Update Messages ;
+-------------------------+
Info: *******************************************************************
Info: Running Quartus Prime MIF/HEX Update
    Info: Version 16.1.0 Build 196 10/24/2016 SJ Lite Edition
    Info: Processing started: Wed Apr 17 01:24:53 2019
Info: Command: quartus_cdb Processor -c Processor --update_mif
Warning (18236): Number of processors has not been specified which may cause overloading on shared machines.  Set the global assignment NUM_PARALLEL_PROCESSORS in your QSF to an appropriate value for best performance.
Info (39024): Processed the following Memory Initialization File(s)
    Info (39025): Processed Memory Initialization File M:/ECE 289/Processor/MemoryModule0.mif File: M:/ECE 289/Processor/MemoryModule0.mif Line: 0
    Info (39025): Processed Memory Initialization File M:/ECE 289/Processor/MemoryModule1.mif File: M:/ECE 289/Processor/MemoryModule1.mif Line: 0
    Info (39025): Processed Memory Initialization File M:/ECE 289/Processor/MemoryModule2.mif File: M:/ECE 289/Processor/MemoryModule2.mif Line: 0
    Info (39025): Processed Memory Initialization File M:/ECE 289/Processor/MemoryModule3.mif File: M:/ECE 289/Processor/MemoryModule3.mif Line: 0
Info: Quartus Prime MIF/HEX Update was successful. 0 errors, 1 warning
    Info: Peak virtual memory: 4828 megabytes
    Info: Processing ended: Wed Apr 17 01:24:57 2019
    Info: Elapsed time: 00:00:04
    Info: Total CPU time (on all processors): 00:00:01


